<?xml version="1.0" encoding="UTF-8"?>
<testng-results ignored="0" total="1" passed="1" failed="0" skipped="0">
  <reporter-output>
    <line>
      <![CDATA[Selecting gender]]>
    </line>
    <line>
      <![CDATA[Clicking next button]]>
    </line>
    <line>
      <![CDATA[Selecting my age]]>
    </line>
    <line>
      <![CDATA[Selecting father age]]>
    </line>
    <line>
      <![CDATA[Clicking on next button]]>
    </line>
    <line>
      <![CDATA[Data read from excel.]]>
    </line>
    <line>
      <![CDATA[PinCode entered]]>
    </line>
    <line>
      <![CDATA[Data read from excel.]]>
    </line>
    <line>
      <![CDATA[Fathers PinCode entered]]>
    </line>
    <line>
      <![CDATA[Data read from excel.]]>
    </line>
    <line>
      <![CDATA[Mobile number has been entered]]>
    </line>
    <line>
      <![CDATA[Clicking on continue button]]>
    </line>
    <line>
      <![CDATA[Clicked on filter.]]>
    </line>
    <line>
      <![CDATA[Filter applied]]>
    </line>
    <line>
      <![CDATA[Test case has been passed...]]>
    </line>
  </reporter-output>
  <suite started-at="2025-05-13T10:32:40 IST" name="Default suite" finished-at="2025-05-13T10:33:18 IST" duration-ms="37353">
    <groups>
    </groups>
    <test started-at="2025-05-13T10:32:40 IST" name="Default test" finished-at="2025-05-13T10:33:18 IST" duration-ms="37353">
      <class name="com.Coverfox_TestNG.CoverfoxPriceFilterTestNG">
        <test-method is-config="true" signature="coverFoxPreconditions()[pri:0, instance:com.Coverfox_TestNG.CoverfoxPriceFilterTestNG@561b6512]" started-at="2025-05-13T10:32:40 IST" name="coverFoxPreconditions" finished-at="2025-05-13T10:32:54 IST" duration-ms="13882" status="PASS">
          <reporter-output>
            <line>
              <![CDATA[Selecting gender]]>
            </line>
            <line>
              <![CDATA[Clicking next button]]>
            </line>
            <line>
              <![CDATA[Selecting my age]]>
            </line>
            <line>
              <![CDATA[Selecting father age]]>
            </line>
            <line>
              <![CDATA[Clicking on next button]]>
            </line>
            <line>
              <![CDATA[Data read from excel.]]>
            </line>
            <line>
              <![CDATA[PinCode entered]]>
            </line>
            <line>
              <![CDATA[Data read from excel.]]>
            </line>
            <line>
              <![CDATA[Fathers PinCode entered]]>
            </line>
            <line>
              <![CDATA[Data read from excel.]]>
            </line>
            <line>
              <![CDATA[Mobile number has been entered]]>
            </line>
            <line>
              <![CDATA[Clicking on continue button]]>
            </line>
          </reporter-output>
        </test-method> <!-- coverFoxPreconditions -->
        <test-method signature="validateRangeFilter()[pri:0, instance:com.Coverfox_TestNG.CoverfoxPriceFilterTestNG@561b6512]" started-at="2025-05-13T10:32:54 IST" name="validateRangeFilter" finished-at="2025-05-13T10:33:18 IST" duration-ms="23414" status="PASS">
          <reporter-output>
            <line>
              <![CDATA[Clicked on filter.]]>
            </line>
            <line>
              <![CDATA[Filter applied]]>
            </line>
            <line>
              <![CDATA[Test case has been passed...]]>
            </line>
          </reporter-output>
        </test-method> <!-- validateRangeFilter -->
      </class> <!-- com.Coverfox_TestNG.CoverfoxPriceFilterTestNG -->
    </test> <!-- Default test -->
  </suite> <!-- Default suite -->
</testng-results>
